{"/Users/elliot/Desktop/COSC4353 Website/Login-Signup/login.js": {"path":"/Users/elliot/Desktop/COSC4353 Website/Login-Signup/login.js","statementMap":{"0":{"start":{"line":1,"column":14},"end":{"line":4,"column":1}},"1":{"start":{"line":6,"column":0},"end":{"line":27,"column":3}},"2":{"start":{"line":7,"column":16},"end":{"line":7,"column":61}},"3":{"start":{"line":8,"column":19},"end":{"line":8,"column":60}},"4":{"start":{"line":9,"column":23},"end":{"line":9,"column":63}},"5":{"start":{"line":12,"column":2},"end":{"line":15,"column":3}},"6":{"start":{"line":13,"column":6},"end":{"line":13,"column":71}},"7":{"start":{"line":14,"column":6},"end":{"line":14,"column":13}},"8":{"start":{"line":18,"column":15},"end":{"line":18,"column":76}},"9":{"start":{"line":18,"column":31},"end":{"line":18,"column":75}},"10":{"start":{"line":20,"column":2},"end":{"line":23,"column":3}},"11":{"start":{"line":21,"column":6},"end":{"line":21,"column":80}},"12":{"start":{"line":22,"column":6},"end":{"line":22,"column":13}},"13":{"start":{"line":25,"column":2},"end":{"line":25,"column":32}},"14":{"start":{"line":26,"column":2},"end":{"line":26,"column":51}}},"fnMap":{"0":{"name":"(anonymous_0)","decl":{"start":{"line":6,"column":62},"end":{"line":6,"column":63}},"loc":{"start":{"line":6,"column":74},"end":{"line":27,"column":1}},"line":6},"1":{"name":"(anonymous_1)","decl":{"start":{"line":18,"column":26},"end":{"line":18,"column":27}},"loc":{"start":{"line":18,"column":31},"end":{"line":18,"column":75}},"line":18}},"branchMap":{"0":{"loc":{"start":{"line":12,"column":2},"end":{"line":15,"column":3}},"type":"if","locations":[{"start":{"line":12,"column":2},"end":{"line":15,"column":3}},{"start":{},"end":{}}],"line":12},"1":{"loc":{"start":{"line":12,"column":6},"end":{"line":12,"column":50}},"type":"binary-expr","locations":[{"start":{"line":12,"column":6},"end":{"line":12,"column":26}},{"start":{"line":12,"column":30},"end":{"line":12,"column":50}}],"line":12},"2":{"loc":{"start":{"line":18,"column":31},"end":{"line":18,"column":75}},"type":"binary-expr","locations":[{"start":{"line":18,"column":31},"end":{"line":18,"column":48}},{"start":{"line":18,"column":52},"end":{"line":18,"column":75}}],"line":18},"3":{"loc":{"start":{"line":20,"column":2},"end":{"line":23,"column":3}},"type":"if","locations":[{"start":{"line":20,"column":2},"end":{"line":23,"column":3}},{"start":{},"end":{}}],"line":20}},"s":{"0":1,"1":1,"2":3,"3":3,"4":3,"5":3,"6":1,"7":1,"8":2,"9":3,"10":2,"11":1,"12":1,"13":1,"14":1},"f":{"0":3,"1":3},"b":{"0":[1,2],"1":[3,2],"2":[3,1],"3":[1,1]},"_coverageSchema":"1a1c01bbd47fc00a2c39e90264f33305004495a9","hash":"89a3ef6b2e0daccd72a8166c3f754964c1cffa7e"}
,"/Users/elliot/Desktop/COSC4353 Website/Login-Signup/signup.js": {"path":"/Users/elliot/Desktop/COSC4353 Website/Login-Signup/signup.js","statementMap":{"0":{"start":{"line":1,"column":0},"end":{"line":40,"column":5}},"1":{"start":{"line":2,"column":4},"end":{"line":2,"column":27}},"2":{"start":{"line":4,"column":18},"end":{"line":4,"column":63}},"3":{"start":{"line":5,"column":21},"end":{"line":5,"column":62}},"4":{"start":{"line":6,"column":28},"end":{"line":6,"column":76}},"5":{"start":{"line":7,"column":25},"end":{"line":7,"column":65}},"6":{"start":{"line":9,"column":23},"end":{"line":9,"column":73}},"7":{"start":{"line":10,"column":4},"end":{"line":13,"column":5}},"8":{"start":{"line":11,"column":8},"end":{"line":11,"column":73}},"9":{"start":{"line":12,"column":8},"end":{"line":12,"column":15}},"10":{"start":{"line":16,"column":4},"end":{"line":19,"column":5}},"11":{"start":{"line":17,"column":8},"end":{"line":17,"column":70}},"12":{"start":{"line":18,"column":8},"end":{"line":18,"column":15}},"13":{"start":{"line":22,"column":4},"end":{"line":25,"column":5}},"14":{"start":{"line":23,"column":8},"end":{"line":23,"column":61}},"15":{"start":{"line":24,"column":8},"end":{"line":24,"column":15}},"16":{"start":{"line":28,"column":26},"end":{"line":28,"column":70}},"17":{"start":{"line":29,"column":4},"end":{"line":32,"column":5}},"18":{"start":{"line":30,"column":8},"end":{"line":30,"column":130}},"19":{"start":{"line":31,"column":8},"end":{"line":31,"column":15}},"20":{"start":{"line":34,"column":4},"end":{"line":34,"column":34}},"21":{"start":{"line":36,"column":4},"end":{"line":36,"column":43}},"22":{"start":{"line":37,"column":4},"end":{"line":37,"column":40}},"23":{"start":{"line":39,"column":4},"end":{"line":39,"column":50}}},"fnMap":{"0":{"name":"(anonymous_0)","decl":{"start":{"line":1,"column":65},"end":{"line":1,"column":66}},"loc":{"start":{"line":1,"column":82},"end":{"line":40,"column":3}},"line":1}},"branchMap":{"0":{"loc":{"start":{"line":10,"column":4},"end":{"line":13,"column":5}},"type":"if","locations":[{"start":{"line":10,"column":4},"end":{"line":13,"column":5}},{"start":{},"end":{}}],"line":10},"1":{"loc":{"start":{"line":16,"column":4},"end":{"line":19,"column":5}},"type":"if","locations":[{"start":{"line":16,"column":4},"end":{"line":19,"column":5}},{"start":{},"end":{}}],"line":16},"2":{"loc":{"start":{"line":16,"column":8},"end":{"line":16,"column":49}},"type":"binary-expr","locations":[{"start":{"line":16,"column":8},"end":{"line":16,"column":23}},{"start":{"line":16,"column":27},"end":{"line":16,"column":49}}],"line":16},"3":{"loc":{"start":{"line":22,"column":4},"end":{"line":25,"column":5}},"type":"if","locations":[{"start":{"line":22,"column":4},"end":{"line":25,"column":5}},{"start":{},"end":{}}],"line":22},"4":{"loc":{"start":{"line":29,"column":4},"end":{"line":32,"column":5}},"type":"if","locations":[{"start":{"line":29,"column":4},"end":{"line":32,"column":5}},{"start":{},"end":{}}],"line":29}},"s":{"0":1,"1":5,"2":5,"3":5,"4":5,"5":5,"6":5,"7":5,"8":1,"9":1,"10":4,"11":1,"12":1,"13":3,"14":1,"15":1,"16":2,"17":2,"18":1,"19":1,"20":1,"21":1,"22":1,"23":1},"f":{"0":5},"b":{"0":[1,4],"1":[1,3],"2":[4,3],"3":[1,2],"4":[1,1]},"_coverageSchema":"1a1c01bbd47fc00a2c39e90264f33305004495a9","hash":"11a49cb47058a64a760d8101e159483ba9230e35"}
}
