TN:
SF:login.js
FN:6,(anonymous_0)
FN:18,(anonymous_1)
FNF:2
FNH:2
FNDA:3,(anonymous_0)
FNDA:3,(anonymous_1)
DA:1,1
DA:6,1
DA:7,3
DA:8,3
DA:9,3
DA:12,3
DA:13,1
DA:14,1
DA:18,3
DA:20,2
DA:21,1
DA:22,1
DA:25,1
DA:26,1
LF:14
LH:14
BRDA:12,0,0,1
BRDA:12,0,1,2
BRDA:12,1,0,3
BRDA:12,1,1,2
BRDA:18,2,0,3
BRDA:18,2,1,1
BRDA:20,3,0,1
BRDA:20,3,1,1
BRF:8
BRH:8
end_of_record
TN:
SF:signup.js
FN:1,(anonymous_0)
FNF:1
FNH:1
FNDA:5,(anonymous_0)
DA:1,1
DA:2,5
DA:4,5
DA:5,5
DA:6,5
DA:7,5
DA:9,5
DA:10,5
DA:11,1
DA:12,1
DA:16,4
DA:17,1
DA:18,1
DA:22,3
DA:23,1
DA:24,1
DA:28,2
DA:29,2
DA:30,1
DA:31,1
DA:34,1
DA:36,1
DA:37,1
DA:39,1
LF:24
LH:24
BRDA:10,0,0,1
BRDA:10,0,1,4
BRDA:16,1,0,1
BRDA:16,1,1,3
BRDA:16,2,0,4
BRDA:16,2,1,3
BRDA:22,3,0,1
BRDA:22,3,1,2
BRDA:29,4,0,1
BRDA:29,4,1,1
BRF:10
BRH:10
end_of_record
